nohup: ignoring input

  .   ____          _            __ _ _
 /\\ / ___'_ __ _ _(_)_ __  __ _ \ \ \ \
( ( )\___ | '_ | '_| | '_ \/ _` | \ \ \ \
 \\/  ___)| |_)| | | | | || (_| |  ) ) ) )
  '  |____| .__|_| |_|_| |_\__, | / / / /
 =========|_|==============|___/=/_/_/_/
 :: Spring Boot ::                (v3.2.2)

2026-03-08T17:26:21.850-04:00  INFO 15584 --- [           main] br.com.hospital.pep.PepApplication       : Starting PepApplication v0.0.1-SNAPSHOT using Java 17.0.18 with PID 15584 (C:\Users\User\pep-backend\target\pep-0.0.1-SNAPSHOT.jar started by User in C:\Users\User\pep-backend)
2026-03-08T17:26:21.854-04:00  INFO 15584 --- [           main] br.com.hospital.pep.PepApplication       : No active profile set, falling back to 1 default profile: "default"
2026-03-08T17:26:22.581-04:00  INFO 15584 --- [           main] .s.d.r.c.RepositoryConfigurationDelegate : Bootstrapping Spring Data JPA repositories in DEFAULT mode.
2026-03-08T17:26:22.639-04:00  INFO 15584 --- [           main] .s.d.r.c.RepositoryConfigurationDelegate : Finished Spring Data repository scanning in 52 ms. Found 6 JPA repository interfaces.
2026-03-08T17:26:23.144-04:00  INFO 15584 --- [           main] o.s.b.w.embedded.tomcat.TomcatWebServer  : Tomcat initialized with port 8080 (http)
2026-03-08T17:26:23.152-04:00  INFO 15584 --- [           main] o.apache.catalina.core.StandardService   : Starting service [Tomcat]
2026-03-08T17:26:23.152-04:00  INFO 15584 --- [           main] o.apache.catalina.core.StandardEngine    : Starting Servlet engine: [Apache Tomcat/10.1.18]
2026-03-08T17:26:23.179-04:00  INFO 15584 --- [           main] o.a.c.c.C.[Tomcat].[localhost].[/]       : Initializing Spring embedded WebApplicationContext
2026-03-08T17:26:23.180-04:00  INFO 15584 --- [           main] w.s.c.ServletWebServerApplicationContext : Root WebApplicationContext: initialization completed in 1248 ms
2026-03-08T17:26:23.206-04:00  INFO 15584 --- [           main] com.zaxxer.hikari.HikariDataSource       : HikariPool-1 - Starting...
2026-03-08T17:26:23.387-04:00  INFO 15584 --- [           main] com.zaxxer.hikari.pool.HikariPool        : HikariPool-1 - Added connection conn0: url=jdbc:h2:mem:pepdb user=SA
2026-03-08T17:26:23.389-04:00  INFO 15584 --- [           main] com.zaxxer.hikari.HikariDataSource       : HikariPool-1 - Start completed.
2026-03-08T17:26:23.398-04:00  INFO 15584 --- [           main] o.s.b.a.h2.H2ConsoleAutoConfiguration    : H2 console available at '/h2-console'. Database available at 'jdbc:h2:mem:pepdb'
2026-03-08T17:26:23.502-04:00  INFO 15584 --- [           main] o.hibernate.jpa.internal.util.LogHelper  : HHH000204: Processing PersistenceUnitInfo [name: default]
2026-03-08T17:26:23.581-04:00  INFO 15584 --- [           main] org.hibernate.Version                    : HHH000412: Hibernate ORM core version 6.4.1.Final
2026-03-08T17:26:23.609-04:00  INFO 15584 --- [           main] o.h.c.internal.RegionFactoryInitiator    : HHH000026: Second-level cache disabled
2026-03-08T17:26:23.816-04:00  INFO 15584 --- [           main] o.s.o.j.p.SpringPersistenceUnitInfo      : No LoadTimeWeaver setup: ignoring JPA class transformer
2026-03-08T17:26:23.852-04:00  WARN 15584 --- [           main] org.hibernate.orm.deprecation            : HHH90000025: H2Dialect does not need to be specified explicitly using 'hibernate.dialect' (remove the property setting and it will be selected by default)
2026-03-08T17:26:24.523-04:00  INFO 15584 --- [           main] o.h.e.t.j.p.i.JtaPlatformInitiator       : HHH000489: No JTA platform available (set 'hibernate.transaction.jta.platform' to enable JTA platform integration)
Hibernate: create table internacao (id bigint generated by default as identity, data_alta date, data_entrada date, status varchar(255) check (status in ('INTERNADO','ALTA','TRANSFERIDO')), leito_id bigint not null, paciente_id bigint not null, primary key (id))
Hibernate: create table leito (id bigint generated by default as identity, numero integer, ocupado boolean not null, setor varchar(255) check (setor in ('UTI','ENFERMARIA')), primary key (id))
Hibernate: create table movimentacao_internacao (id bigint generated by default as identity, data_hora timestamp(6), setor_destino varchar(255) check (setor_destino in ('UTI','ENFERMARIA')), setor_origem varchar(255) check (setor_origem in ('UTI','ENFERMARIA')), internacao_id bigint, leito_destino_id bigint, leito_origem_id bigint, primary key (id))
Hibernate: create table pacientes (id bigint generated by default as identity, bairro varchar(255), cep varchar(255), cidade varchar(255), complemento varchar(255), cpf varchar(255), data_nascimento date, logradouro varchar(255), nome varchar(255), numero varchar(255), sexo varchar(255), uf varchar(255), primary key (id))
Hibernate: create table prescricao (id bigint generated by default as identity, data_hora timestamp(6), dose varchar(255), frequencia varchar(255), medicamento varchar(255), observacoes varchar(255), internacao_id bigint not null, primary key (id))
Hibernate: create table relatorio (id bigint generated by default as identity, data_hora timestamp(6), descricao TEXT, tipo varchar(255) check (tipo in ('MEDICO','ENFERMAGEM')), internacao_id bigint not null, primary key (id))
Hibernate: alter table if exists leito drop constraint if exists UKs2tmgm0v2pavywgasqc37g8be
Hibernate: alter table if exists leito add constraint UKs2tmgm0v2pavywgasqc37g8be unique (setor, numero)
Hibernate: alter table if exists internacao add constraint FK23dj0v48s185xkyllfp0fvqln foreign key (leito_id) references leito
Hibernate: alter table if exists internacao add constraint FKqx9td81be6yy3579n0t9vi9ee foreign key (paciente_id) references pacientes
Hibernate: alter table if exists movimentacao_internacao add constraint FKbboigi6v7mpyjk6edx0gtqapu foreign key (internacao_id) references internacao
Hibernate: alter table if exists movimentacao_internacao add constraint FKs2b5k6p4ey51uejsx7sy0k5sv foreign key (leito_destino_id) references leito
Hibernate: alter table if exists movimentacao_internacao add constraint FK194olfunqowdhdrjarb5juw30 foreign key (leito_origem_id) references leito
Hibernate: alter table if exists prescricao add constraint FK69p2mxksetd64ebu7hfelv36c foreign key (internacao_id) references internacao
Hibernate: alter table if exists relatorio add constraint FK3bev5phq94sqrcev6h43cv51y foreign key (internacao_id) references internacao
2026-03-08T17:26:24.571-04:00  INFO 15584 --- [           main] j.LocalContainerEntityManagerFactoryBean : Initialized JPA EntityManagerFactory for persistence unit 'default'
2026-03-08T17:26:24.848-04:00  INFO 15584 --- [           main] o.s.d.j.r.query.QueryEnhancerFactory     : Hibernate is in classpath; If applicable, HQL parser will be used.
2026-03-08T17:26:25.341-04:00  WARN 15584 --- [           main] JpaBaseConfiguration$JpaWebConfiguration : spring.jpa.open-in-view is enabled by default. Therefore, database queries may be performed during view rendering. Explicitly configure spring.jpa.open-in-view to disable this warning
2026-03-08T17:26:25.650-04:00  WARN 15584 --- [           main] ConfigServletWebServerApplicationContext : Exception encountered during context initialization - cancelling refresh attempt: org.springframework.context.ApplicationContextException: Failed to start bean 'webServerStartStop'
2026-03-08T17:26:25.652-04:00  INFO 15584 --- [           main] j.LocalContainerEntityManagerFactoryBean : Closing JPA EntityManagerFactory for persistence unit 'default'
2026-03-08T17:26:25.655-04:00  INFO 15584 --- [           main] com.zaxxer.hikari.HikariDataSource       : HikariPool-1 - Shutdown initiated...
2026-03-08T17:26:25.656-04:00  INFO 15584 --- [           main] com.zaxxer.hikari.HikariDataSource       : HikariPool-1 - Shutdown completed.
2026-03-08T17:26:25.667-04:00  INFO 15584 --- [           main] .s.b.a.l.ConditionEvaluationReportLogger : 

Error starting ApplicationContext. To display the condition evaluation report re-run your application with 'debug' enabled.
2026-03-08T17:26:25.679-04:00 ERROR 15584 --- [           main] o.s.b.d.LoggingFailureAnalysisReporter   : 

***************************
APPLICATION FAILED TO START
***************************

Description:

Web server failed to start. Port 8080 was already in use.

Action:

Identify and stop the process that's listening on port 8080 or configure this application to listen on another port.

